# JRE version: Java(TM) SE Runtime Environment (8.0_191-b12) (build 1.8.0_191-b12)
# Java VM: Java HotSpot(TM) Client VM (25.191-b12 mixed mode windows-x86 )
Heap:
 def new generation   total 157248K, used 157247K [0x04e00000, 0x0f8a0000, 0x0f8a0000)
  eden space 139776K, 100% used [0x04e00000, 0x0d680000, 0x0d680000)
  from space 17472K,  99% used [0x0d680000, 0x0e78fff8, 0x0e790000)
  to   space 17472K,   0% used [0x0e790000, 0x0e790000, 0x0f8a0000)
 tenured generation   total 349568K, used 349567K [0x0f8a0000, 0x24e00000, 0x24e00000)
   the space 349568K,  99% used [0x0f8a0000, 0x24dfffd8, 0x24e00000, 0x24e00000)
 Metaspace       used 23853K, capacity 24486K, committed 24576K, reserved 24960K
GC Heap History (10 events):
Event: 3809.917 GC heap before
{Heap before GC invocations=2065 (full 1682):
 def new generation   total 157248K, used 157247K [0x04e00000, 0x0f8a0000, 0x0f8a0000)
  eden space 139776K,  99% used [0x04e00000, 0x0d67fff8, 0x0d680000)
  from space 17472K, 100% used [0x0d680000, 0x0e790000, 0x0e790000)
  to   space 17472K,   0% used [0x0e790000, 0x0e790000, 0x0f8a0000)
 tenured generation   total 349568K, used 349567K [0x0f8a0000, 0x24e00000, 0x24e00000)
   the space 349568K,  99% used [0x0f8a0000, 0x24dfffe0, 0x24e00000, 0x24e00000)
 Metaspace       used 23853K, capacity 24486K, committed 24576K, reserved 24960K
Event: 3810.213 GC heap after
Heap after GC invocations=2066 (full 1683):
 def new generation   total 157248K, used 157243K [0x04e00000, 0x0f8a0000, 0x0f8a0000)
  eden space 139776K,  99% used [0x04e00000, 0x0d67ffe8, 0x0d680000)
  from space 17472K,  99% used [0x0d680000, 0x0e78ef40, 0x0e790000)
  to   space 17472K,   0% used [0x0e790000, 0x0e790000, 0x0f8a0000)
 tenured generation   total 349568K, used 349567K [0x0f8a0000, 0x24e00000, 0x24e00000)
   the space 349568K,  99% used [0x0f8a0000, 0x24dfffe0, 0x24e00000, 0x24e00000)
 Metaspace       used 23853K, capacity 24486K, committed 24576K, reserved 24960K
}
Event: 3810.213 GC heap before
{Heap before GC invocations=2066 (full 1683):
 def new generation   total 157248K, used 157247K [0x04e00000, 0x0f8a0000, 0x0f8a0000)
  eden space 139776K,  99% used [0x04e00000, 0x0d67fff8, 0x0d680000)
  from space 17472K,  99% used [0x0d680000, 0x0e78fd70, 0x0e790000)
  to   space 17472K,   0% used [0x0e790000, 0x0e790000, 0x0f8a0000)
 tenured generation   total 349568K, used 349567K [0x0f8a0000, 0x24e00000, 0x24e00000)
   the space 349568K,  99% used [0x0f8a0000, 0x24dfffe0, 0x24e00000, 0x24e00000)
 Metaspace       used 23853K, capacity 24486K, committed 24576K, reserved 24960K
Event: 3810.508 GC heap after
Heap after GC invocations=2067 (full 1684):
 def new generation   total 157248K, used 157244K [0x04e00000, 0x0f8a0000, 0x0f8a0000)
  eden space 139776K,  99% used [0x04e00000, 0x0d67fff8, 0x0d680000)
  from space 17472K,  99% used [0x0d680000, 0x0e78f0f0, 0x0e790000)
  to   space 17472K,   0% used [0x0e790000, 0x0e790000, 0x0f8a0000)
 tenured generation   total 349568K, used 349567K [0x0f8a0000, 0x24e00000, 0x24e00000)
   the space 349568K,  99% used [0x0f8a0000, 0x24dfffa0, 0x24e00000, 0x24e00000)
 Metaspace       used 23853K, capacity 24486K, committed 24576K, reserved 24960K
}
Event: 3810.508 GC heap before
{Heap before GC invocations=2067 (full 1684):
 def new generation   total 157248K, used 157247K [0x04e00000, 0x0f8a0000, 0x0f8a0000)
  eden space 139776K,  99% used [0x04e00000, 0x0d67fff8, 0x0d680000)
  from space 17472K,  99% used [0x0d680000, 0x0e78ff40, 0x0e790000)
  to   space 17472K,   0% used [0x0e790000, 0x0e790000, 0x0f8a0000)
 tenured generation   total 349568K, used 349567K [0x0f8a0000, 0x24e00000, 0x24e00000)
   the space 349568K,  99% used [0x0f8a0000, 0x24dfffa0, 0x24e00000, 0x24e00000)
 Metaspace       used 23853K, capacity 24486K, committed 24576K, reserved 24960K
Event: 3810.823 GC heap after
Heap after GC invocations=2068 (full 1685):
 def new generation   total 157248K, used 157246K [0x04e00000, 0x0f8a0000, 0x0f8a0000)
  eden space 139776K,  99% used [0x04e00000, 0x0d67ffd8, 0x0d680000)
  from space 17472K,  99% used [0x0d680000, 0x0e78fa88, 0x0e790000)
  to   space 17472K,   0% used [0x0e790000, 0x0e790000, 0x0f8a0000)
 tenured generation   total 349568K, used 349567K [0x0f8a0000, 0x24e00000, 0x24e00000)
   the space 349568K,  99% used [0x0f8a0000, 0x24dfffa0, 0x24e00000, 0x24e00000)
 Metaspace       used 23853K, capacity 24486K, committed 24576K, reserved 24960K
}
Event: 3810.823 GC heap before
{Heap before GC invocations=2068 (full 1685):
 def new generation   total 157248K, used 157247K [0x04e00000, 0x0f8a0000, 0x0f8a0000)
  eden space 139776K, 100% used [0x04e00000, 0x0d680000, 0x0d680000)
  from space 17472K,  99% used [0x0d680000, 0x0e78fcc0, 0x0e790000)
  to   space 17472K,   0% used [0x0e790000, 0x0e790000, 0x0f8a0000)
 tenured generation   total 349568K, used 349567K [0x0f8a0000, 0x24e00000, 0x24e00000)
   the space 349568K,  99% used [0x0f8a0000, 0x24dfffa0, 0x24e00000, 0x24e00000)
 Metaspace       used 23853K, capacity 24486K, committed 24576K, reserved 24960K
Event: 3811.122 GC heap after
Heap after GC invocations=2069 (full 1686):
 def new generation   total 157248K, used 157246K [0x04e00000, 0x0f8a0000, 0x0f8a0000)
  eden space 139776K,  99% used [0x04e00000, 0x0d67fff0, 0x0d680000)
  from space 17472K,  99% used [0x0d680000, 0x0e78fa08, 0x0e790000)
  to   space 17472K,   0% used [0x0e790000, 0x0e790000, 0x0f8a0000)
 tenured generation   total 349568K, used 349567K [0x0f8a0000, 0x24e00000, 0x24e00000)
   the space 349568K,  99% used [0x0f8a0000, 0x24dfffa0, 0x24e00000, 0x24e00000)
 Metaspace       used 23853K, capacity 24486K, committed 24576K, reserved 24960K
}
Event: 3811.122 GC heap before
{Heap before GC invocations=2069 (full 1686):
 def new generation   total 157248K, used 157246K [0x04e00000, 0x0f8a0000, 0x0f8a0000)
  eden space 139776K,  99% used [0x04e00000, 0x0d67fff0, 0x0d680000)
  from space 17472K,  99% used [0x0d680000, 0x0e78fa08, 0x0e790000)
  to   space 17472K,   0% used [0x0e790000, 0x0e790000, 0x0f8a0000)
 tenured generation   total 349568K, used 349567K [0x0f8a0000, 0x24e00000, 0x24e00000)
   the space 349568K,  99% used [0x0f8a0000, 0x24dfffa0, 0x24e00000, 0x24e00000)
 Metaspace       used 23853K, capacity 24486K, committed 24576K, reserved 24960K
Event: 3811.418 GC heap after
Heap after GC invocations=2070 (full 1687):
 def new generation   total 157248K, used 157246K [0x04e00000, 0x0f8a0000, 0x0f8a0000)
  eden space 139776K,  99% used [0x04e00000, 0x0d67fff0, 0x0d680000)
  from space 17472K,  99% used [0x0d680000, 0x0e78fa08, 0x0e790000)
  to   space 17472K,   0% used [0x0e790000, 0x0e790000, 0x0f8a0000)
 tenured generation   total 349568K, used 349567K [0x0f8a0000, 0x24e00000, 0x24e00000)
   the space 349568K,  99% used [0x0f8a0000, 0x24dfffa0, 0x24e00000, 0x24e00000)
 Metaspace       used 23853K, capacity 24486K, committed 24576K, reserved 24960K
}

